2020-05-30 22:47:42,078 : INFO : Start of Prediction
2020-05-30 22:47:42,078 : INFO : run_id:2020-05-30_224742_858149724
2020-05-30 22:47:42,078 : INFO : Start of Preprocessing...
2020-05-30 22:47:42,078 : INFO : Start of feature encoding...
2020-05-30 22:47:42,088 : INFO : End of feature encoding...
2020-05-30 22:47:42,089 : INFO : Start of Droping Columns...
2020-05-30 22:47:42,090 : INFO : End of Droping Columns...
2020-05-30 22:47:42,090 : INFO : Start of finding missing values...
2020-05-30 22:47:42,091 : INFO : End of finding missing values...
2020-05-30 22:47:42,092 : INFO : Start of building final predictset...
2020-05-30 22:47:42,102 : INFO : End of building final predictset...
2020-05-30 22:47:42,102 : INFO : End of Preprocessing...
2020-05-30 22:47:42,102 : INFO : Start of Load Model
2020-05-30 22:47:42,102 : INFO : Model File KMeans loaded
2020-05-30 22:47:42,102 : INFO : End of Load Model
2020-05-30 22:47:42,105 : INFO : clusters loop started
2020-05-30 22:47:42,107 : INFO : Start of finding correct model
2020-05-30 22:47:42,107 : INFO : End of finding correct model
2020-05-30 22:47:42,107 : INFO : Start of Load Model
2020-05-30 22:47:42,108 : INFO : Model File XGBoost2 loaded
2020-05-30 22:47:42,108 : INFO : End of Load Model
2020-05-30 22:47:42,110 : INFO : Shape of Data (1, 9)
2020-05-30 22:47:42,113 : INFO : Shape of Data None
2020-05-30 22:47:42,116 : INFO : Output : [1.]
2020-05-30 22:47:42,116 : INFO : End of Prediction
