2020-05-29 02:12:05,257 : INFO : Start of Prediction
2020-05-29 02:12:05,257 : INFO : run_id:2020-05-29_021205_401708062
2020-05-29 02:12:05,258 : INFO : Start of Preprocessing...
2020-05-29 02:12:05,258 : INFO : Start of feature encoding...
2020-05-29 02:12:05,273 : INFO : End of feature encoding...
2020-05-29 02:12:05,274 : INFO : Start of Droping Columns...
2020-05-29 02:12:05,277 : INFO : End of Droping Columns...
2020-05-29 02:12:05,277 : INFO : Start of finding missing values...
2020-05-29 02:12:05,278 : INFO : End of finding missing values...
2020-05-29 02:12:05,287 : INFO : Start of building final predictset...
2020-05-29 02:12:05,302 : INFO : End of building final predictset...
2020-05-29 02:12:05,303 : INFO : End of Preprocessing...
2020-05-29 02:12:05,303 : INFO : Start of Load Model
2020-05-29 02:12:05,303 : INFO : Model File KMeans loaded
2020-05-29 02:12:05,303 : INFO : End of Load Model
2020-05-29 02:12:05,306 : INFO : clusters loop started
2020-05-29 02:12:05,308 : INFO : Start of finding correct model
2020-05-29 02:12:05,309 : INFO : End of finding correct model
2020-05-29 02:12:05,310 : INFO : Start of Load Model
2020-05-29 02:12:05,311 : INFO : Model File XGBoost2 loaded
2020-05-29 02:12:05,311 : INFO : End of Load Model
2020-05-29 02:12:05,314 : INFO : Shape of Data (1, 9)
2020-05-29 02:12:05,318 : INFO : Shape of Data None
2020-05-29 02:12:05,321 : INFO : Output : [1.]
2020-05-29 02:12:05,321 : INFO : End of Prediction
