2020-05-30 20:39:14,212 : INFO : Start of Prediction
2020-05-30 20:39:14,224 : INFO : run_id:2020-05-30_203914_961344138
2020-05-30 20:39:14,224 : INFO : Start of Preprocessing...
2020-05-30 20:39:14,224 : INFO : Start of feature encoding...
2020-05-30 20:39:14,301 : INFO : End of feature encoding...
2020-05-30 20:39:14,304 : INFO : Start of Droping Columns...
2020-05-30 20:39:14,314 : INFO : End of Droping Columns...
2020-05-30 20:39:14,314 : INFO : Start of finding missing values...
2020-05-30 20:39:14,316 : INFO : End of finding missing values...
2020-05-30 20:39:14,317 : INFO : Start of building final predictset...
2020-05-30 20:39:14,397 : INFO : End of building final predictset...
2020-05-30 20:39:14,397 : INFO : End of Preprocessing...
2020-05-30 20:39:14,398 : INFO : Start of Load Model
2020-05-30 20:39:14,442 : INFO : Model File KMeans loaded
2020-05-30 20:39:14,442 : INFO : End of Load Model
2020-05-30 20:39:14,566 : INFO : clusters loop started
2020-05-30 20:39:14,570 : INFO : Start of finding correct model
2020-05-30 20:39:14,571 : INFO : End of finding correct model
2020-05-30 20:39:14,571 : INFO : Start of Load Model
2020-05-30 20:39:14,656 : INFO : Model File XGBoost2 loaded
2020-05-30 20:39:14,657 : INFO : End of Load Model
2020-05-30 20:39:14,731 : INFO : Shape of Data (1, 9)
2020-05-30 20:39:14,741 : INFO : Shape of Data None
2020-05-30 20:39:14,791 : INFO : Output : [1.]
2020-05-30 20:39:14,791 : INFO : End of Prediction
