2020-05-30 22:44:39,428 : INFO : Start of Prediction
2020-05-30 22:44:39,428 : INFO : run_id:2020-05-30_224438_907181995
2020-05-30 22:44:39,428 : INFO : Start of Preprocessing...
2020-05-30 22:44:39,428 : INFO : Start of feature encoding...
2020-05-30 22:44:39,438 : INFO : End of feature encoding...
2020-05-30 22:44:39,439 : INFO : Start of Droping Columns...
2020-05-30 22:44:39,440 : INFO : End of Droping Columns...
2020-05-30 22:44:39,441 : INFO : Start of finding missing values...
2020-05-30 22:44:39,442 : INFO : End of finding missing values...
2020-05-30 22:44:39,442 : INFO : Start of building final predictset...
2020-05-30 22:44:39,451 : INFO : End of building final predictset...
2020-05-30 22:44:39,451 : INFO : End of Preprocessing...
2020-05-30 22:44:39,452 : INFO : Start of Load Model
2020-05-30 22:44:39,452 : INFO : Model File KMeans loaded
2020-05-30 22:44:39,452 : INFO : End of Load Model
2020-05-30 22:44:39,456 : INFO : clusters loop started
2020-05-30 22:44:39,458 : INFO : Start of finding correct model
2020-05-30 22:44:39,458 : INFO : End of finding correct model
2020-05-30 22:44:39,458 : INFO : Start of Load Model
2020-05-30 22:44:39,635 : INFO : Model File XGBoost2 loaded
2020-05-30 22:44:39,636 : INFO : End of Load Model
2020-05-30 22:44:39,725 : INFO : Shape of Data (1, 9)
2020-05-30 22:44:39,730 : INFO : Shape of Data None
2020-05-30 22:44:39,789 : INFO : Output : [1.]
2020-05-30 22:44:39,790 : INFO : End of Prediction
