2020-05-30 22:44:37,616 : INFO : Start of Prediction
2020-05-30 22:44:37,631 : INFO : run_id:2020-05-30_224437_653071183
2020-05-30 22:44:37,631 : INFO : Start of Preprocessing...
2020-05-30 22:44:37,631 : INFO : Start of feature encoding...
2020-05-30 22:44:37,754 : INFO : End of feature encoding...
2020-05-30 22:44:37,758 : INFO : Start of Droping Columns...
2020-05-30 22:44:37,778 : INFO : End of Droping Columns...
2020-05-30 22:44:37,778 : INFO : Start of finding missing values...
2020-05-30 22:44:37,783 : INFO : End of finding missing values...
2020-05-30 22:44:37,784 : INFO : Start of building final predictset...
2020-05-30 22:44:38,029 : INFO : End of building final predictset...
2020-05-30 22:44:38,029 : INFO : End of Preprocessing...
2020-05-30 22:44:38,029 : INFO : Start of Load Model
2020-05-30 22:44:38,190 : INFO : Model File KMeans loaded
2020-05-30 22:44:38,190 : INFO : End of Load Model
2020-05-30 22:44:39,423 : INFO : clusters loop started
2020-05-30 22:44:39,426 : INFO : Start of finding correct model
2020-05-30 22:44:39,427 : INFO : End of finding correct model
2020-05-30 22:44:39,427 : INFO : Start of Load Model
2020-05-30 22:44:39,635 : INFO : Model File XGBoost2 loaded
2020-05-30 22:44:39,636 : INFO : End of Load Model
2020-05-30 22:44:39,741 : INFO : Shape of Data (1, 9)
2020-05-30 22:44:39,746 : INFO : Shape of Data None
2020-05-30 22:44:39,789 : INFO : Output : [1.]
2020-05-30 22:44:39,790 : INFO : End of Prediction
