2020-05-30 23:07:48,324 : INFO : Start of Prediction
2020-05-30 23:07:48,324 : INFO : run_id:2020-05-30_230748_596006866
2020-05-30 23:07:48,324 : INFO : Start of Preprocessing...
2020-05-30 23:07:48,324 : INFO : Start of feature encoding...
2020-05-30 23:07:48,330 : INFO : End of feature encoding...
2020-05-30 23:07:48,331 : INFO : Start of Droping Columns...
2020-05-30 23:07:48,332 : INFO : End of Droping Columns...
2020-05-30 23:07:48,332 : INFO : Start of finding missing values...
2020-05-30 23:07:48,333 : INFO : End of finding missing values...
2020-05-30 23:07:48,334 : INFO : Start of building final predictset...
2020-05-30 23:07:48,341 : INFO : End of building final predictset...
2020-05-30 23:07:48,341 : INFO : End of Preprocessing...
2020-05-30 23:07:48,341 : INFO : Start of Load Model
2020-05-30 23:07:48,342 : INFO : Model File KMeans loaded
2020-05-30 23:07:48,342 : INFO : End of Load Model
2020-05-30 23:07:48,345 : INFO : clusters loop started
2020-05-30 23:07:48,346 : INFO : Start of finding correct model
2020-05-30 23:07:48,347 : INFO : End of finding correct model
2020-05-30 23:07:48,347 : INFO : Start of Load Model
2020-05-30 23:07:48,347 : INFO : Model File XGBoost2 loaded
2020-05-30 23:07:48,347 : INFO : End of Load Model
2020-05-30 23:07:48,349 : INFO : Shape of Data (1, 9)
2020-05-30 23:07:48,352 : INFO : Shape of Data None
2020-05-30 23:07:48,355 : INFO : Output : [1.]
2020-05-30 23:07:48,355 : INFO : End of Prediction
