2020-05-30 22:51:28,631 : INFO : Start of Prediction
2020-05-30 22:51:28,632 : INFO : run_id:2020-05-30_225128_328741879
2020-05-30 22:51:28,632 : INFO : Start of Preprocessing...
2020-05-30 22:51:28,632 : INFO : Start of feature encoding...
2020-05-30 22:51:28,638 : INFO : End of feature encoding...
2020-05-30 22:51:28,639 : INFO : Start of Droping Columns...
2020-05-30 22:51:28,640 : INFO : End of Droping Columns...
2020-05-30 22:51:28,640 : INFO : Start of finding missing values...
2020-05-30 22:51:28,641 : INFO : End of finding missing values...
2020-05-30 22:51:28,641 : INFO : Start of building final predictset...
2020-05-30 22:51:28,649 : INFO : End of building final predictset...
2020-05-30 22:51:28,649 : INFO : End of Preprocessing...
2020-05-30 22:51:28,649 : INFO : Start of Load Model
2020-05-30 22:51:28,650 : INFO : Model File KMeans loaded
2020-05-30 22:51:28,650 : INFO : End of Load Model
2020-05-30 22:51:28,653 : INFO : clusters loop started
2020-05-30 22:51:28,655 : INFO : Start of finding correct model
2020-05-30 22:51:28,655 : INFO : End of finding correct model
2020-05-30 22:51:28,655 : INFO : Start of Load Model
2020-05-30 22:51:28,655 : INFO : Model File XGBoost2 loaded
2020-05-30 22:51:28,655 : INFO : End of Load Model
2020-05-30 22:51:28,657 : INFO : Shape of Data (1, 9)
2020-05-30 22:51:28,661 : INFO : Shape of Data None
2020-05-30 22:51:28,663 : INFO : Output : [1.]
2020-05-30 22:51:28,663 : INFO : End of Prediction
