2020-05-30 22:52:49,864 : INFO : Start of Prediction
2020-05-30 22:52:49,864 : INFO : run_id:2020-05-30_225249_628960898
2020-05-30 22:52:49,864 : INFO : Start of Preprocessing...
2020-05-30 22:52:49,865 : INFO : Start of feature encoding...
2020-05-30 22:52:49,872 : INFO : End of feature encoding...
2020-05-30 22:52:49,874 : INFO : Start of Droping Columns...
2020-05-30 22:52:49,877 : INFO : End of Droping Columns...
2020-05-30 22:52:49,877 : INFO : Start of finding missing values...
2020-05-30 22:52:49,879 : INFO : End of finding missing values...
2020-05-30 22:52:49,880 : INFO : Start of building final predictset...
2020-05-30 22:52:49,897 : INFO : End of building final predictset...
2020-05-30 22:52:49,897 : INFO : End of Preprocessing...
2020-05-30 22:52:49,897 : INFO : Start of Load Model
2020-05-30 22:52:49,898 : INFO : Model File KMeans loaded
2020-05-30 22:52:49,898 : INFO : End of Load Model
2020-05-30 22:52:49,903 : INFO : clusters loop started
2020-05-30 22:52:49,906 : INFO : Start of finding correct model
2020-05-30 22:52:49,906 : INFO : End of finding correct model
2020-05-30 22:52:49,907 : INFO : Start of Load Model
2020-05-30 22:52:49,907 : INFO : Model File XGBoost2 loaded
2020-05-30 22:52:49,907 : INFO : End of Load Model
2020-05-30 22:52:49,909 : INFO : Shape of Data (1, 9)
2020-05-30 22:52:49,913 : INFO : Shape of Data None
2020-05-30 22:52:49,969 : INFO : Output : [0.]
2020-05-30 22:52:49,969 : INFO : End of Prediction
