2020-05-29 02:07:15,997 : INFO : Start of Prediction
2020-05-29 02:07:15,998 : INFO : run_id:2020-05-29_020715_585913606
2020-05-29 02:07:15,998 : INFO : Start of Preprocessing...
2020-05-29 02:07:15,998 : INFO : Start of feature encoding...
2020-05-29 02:07:16,015 : INFO : End of feature encoding...
2020-05-29 02:07:16,017 : INFO : Start of Droping Columns...
2020-05-29 02:07:16,019 : INFO : End of Droping Columns...
2020-05-29 02:07:16,019 : INFO : Start of finding missing values...
2020-05-29 02:07:16,020 : INFO : End of finding missing values...
2020-05-29 02:07:16,042 : INFO : Start of building final predictset...
2020-05-29 02:07:16,058 : INFO : End of building final predictset...
2020-05-29 02:07:16,058 : INFO : End of Preprocessing...
2020-05-29 02:07:16,058 : INFO : Start of Load Model
2020-05-29 02:07:16,058 : INFO : Model File KMeans loaded
2020-05-29 02:07:16,059 : INFO : End of Load Model
2020-05-29 02:07:16,064 : INFO : clusters loop started
2020-05-29 02:07:16,069 : INFO : Start of finding correct model
2020-05-29 02:07:16,069 : INFO : End of finding correct model
2020-05-29 02:07:16,069 : INFO : Start of Load Model
2020-05-29 02:07:16,070 : INFO : Model File XGBoost2 loaded
2020-05-29 02:07:16,070 : INFO : End of Load Model
2020-05-29 02:07:16,073 : INFO : Shape of Data (1, 9)
2020-05-29 02:07:16,082 : INFO : Shape of Data None
2020-05-29 02:07:16,086 : INFO : Output : [1.]
2020-05-29 02:07:16,086 : INFO : End of Prediction
