2020-05-30 22:50:01,702 : INFO : Start of Prediction
2020-05-30 22:50:01,702 : INFO : run_id:2020-05-30_225001_240441737
2020-05-30 22:50:01,703 : INFO : Start of Preprocessing...
2020-05-30 22:50:01,703 : INFO : Start of feature encoding...
2020-05-30 22:50:01,714 : INFO : End of feature encoding...
2020-05-30 22:50:01,715 : INFO : Start of Droping Columns...
2020-05-30 22:50:01,717 : INFO : End of Droping Columns...
2020-05-30 22:50:01,717 : INFO : Start of finding missing values...
2020-05-30 22:50:01,718 : INFO : End of finding missing values...
2020-05-30 22:50:01,719 : INFO : Start of building final predictset...
2020-05-30 22:50:01,727 : INFO : End of building final predictset...
2020-05-30 22:50:01,727 : INFO : End of Preprocessing...
2020-05-30 22:50:01,728 : INFO : Start of Load Model
2020-05-30 22:50:01,728 : INFO : Model File KMeans loaded
2020-05-30 22:50:01,728 : INFO : End of Load Model
2020-05-30 22:50:01,731 : INFO : clusters loop started
2020-05-30 22:50:01,733 : INFO : Start of finding correct model
2020-05-30 22:50:01,734 : INFO : End of finding correct model
2020-05-30 22:50:01,734 : INFO : Start of Load Model
2020-05-30 22:50:01,734 : INFO : Model File XGBoost2 loaded
2020-05-30 22:50:01,734 : INFO : End of Load Model
2020-05-30 22:50:01,736 : INFO : Shape of Data (1, 9)
2020-05-30 22:50:01,740 : INFO : Shape of Data None
2020-05-30 22:50:01,742 : INFO : Output : [1.]
2020-05-30 22:50:01,742 : INFO : End of Prediction
