2020-05-25 21:26:42,098 : INFO : Start of Training
2020-05-25 21:26:42,098 : INFO : RunId:2020-05-25_212642_930405221
2020-05-25 21:26:42,098 : INFO : Start of Data Load, validation and transformation
2020-05-25 21:26:42,098 : INFO : Start of Archiving Old Rejected Files...
2020-05-25 21:26:42,099 : INFO : End of Archiving Old Rejected Files...
2020-05-25 21:26:42,100 : INFO : Start of Reading values From Schema...
2020-05-25 21:26:42,100 : INFO : End of Reading values From Schema...
2020-05-25 21:26:42,100 : INFO : Start of Validating Column Length...
2020-05-25 21:26:42,145 : INFO : End of Validating Column Length...
2020-05-25 21:26:42,145 : INFO : Start of Validating Missing Values...
2020-05-25 21:26:42,158 : INFO : End of Validating Missing Values...
2020-05-25 21:26:42,158 : INFO : Start of Replacing Missing Values with NULL...
2020-05-25 21:26:42,267 : INFO : hr_employee_churn_data.csv: File Transformed successfully!!
2020-05-25 21:26:42,267 : INFO : End of Replacing Missing Values with NULL...
2020-05-25 21:26:42,268 : INFO : Start of Creating Table...
2020-05-25 21:26:42,268 : INFO : Opened training database successfully
2020-05-25 21:26:42,360 : INFO : CREATE TABLE  training_raw_data_t column_name
2020-05-25 21:26:42,428 : INFO : ALTER TABLE training_raw_data_t ADD COLUMN
2020-05-25 21:26:42,492 : INFO : ALTER TABLE training_raw_data_t ADD COLUMN
2020-05-25 21:26:42,561 : INFO : ALTER TABLE training_raw_data_t ADD COLUMN
2020-05-25 21:26:42,637 : INFO : ALTER TABLE training_raw_data_t ADD COLUMN
2020-05-25 21:26:42,771 : INFO : ALTER TABLE training_raw_data_t ADD COLUMN
2020-05-25 21:26:42,937 : INFO : ALTER TABLE training_raw_data_t ADD COLUMN
2020-05-25 21:26:43,025 : INFO : ALTER TABLE training_raw_data_t ADD COLUMN
2020-05-25 21:26:43,104 : INFO : ALTER TABLE training_raw_data_t ADD COLUMN
2020-05-25 21:26:43,194 : INFO : ALTER TABLE training_raw_data_t ADD COLUMN
2020-05-25 21:26:43,195 : INFO : End of Creating Table...
2020-05-25 21:26:43,198 : INFO : Opened training database successfully
2020-05-25 21:26:43,198 : INFO : Start of Inserting Data into Table...
2020-05-25 21:32:58,827 : INFO : End of Inserting Data into Table...
2020-05-25 21:32:58,828 : INFO : Start of Exporting Data into CSV...
2020-05-25 21:32:58,841 : INFO : Opened training database successfully
2020-05-25 21:32:58,875 : INFO : End of Exporting Data into CSV...
2020-05-25 21:32:58,877 : INFO : End of Data Load, validation and transformation
2020-05-25 21:32:58,877 : INFO : Start of Preprocessing...
2020-05-25 21:32:58,877 : INFO : Start of reading dataset...
2020-05-25 21:32:58,898 : INFO : End of reading dataset...
2020-05-25 21:32:58,898 : INFO : Start of Droping Columns...
2020-05-25 21:32:58,899 : INFO : End of Droping Columns...
2020-05-25 21:32:58,900 : INFO : Start of feature encoding...
2020-05-25 21:32:58,914 : INFO : End of feature encoding...
2020-05-25 21:32:58,916 : INFO : Start of Droping Columns...
2020-05-25 21:32:58,919 : INFO : End of Droping Columns...
2020-05-25 21:32:58,919 : INFO : Start of finding missing values...
2020-05-25 21:32:58,928 : INFO : End of finding missing values...
2020-05-25 21:32:58,928 : INFO : Start of imputing missing values...
2020-05-25 21:32:58,936 : INFO : End of imputing missing values...
2020-05-25 21:32:58,936 : INFO : Start of splitting features and label ...
2020-05-25 21:32:58,938 : INFO : End of splitting features and label ...
2020-05-25 21:32:58,938 : INFO : End of Preprocessing...
2020-05-25 21:32:58,938 : INFO : Start of elbow plotting...
2020-05-25 21:33:00,418 : INFO : The optimum number of clusters is: 2
2020-05-25 21:33:00,418 : INFO : End of elbow plotting...
2020-05-25 21:33:00,418 : INFO : Start of Create clusters...
2020-05-25 21:33:00,470 : INFO : Start of Save Models
2020-05-25 21:33:00,470 : INFO : Start of Save Models
2020-05-25 21:33:00,474 : INFO : Model File KMeans saved
2020-05-25 21:33:00,474 : INFO : Model File KMeans saved
2020-05-25 21:33:00,474 : INFO : End of Save Models
2020-05-25 21:33:00,474 : INFO : End of Save Models
2020-05-25 21:33:00,475 : INFO : succesfully created 2clusters.
2020-05-25 21:33:00,475 : INFO : End of Create clusters...
2020-05-25 21:33:00,482 : INFO : Start of finding best model...
2020-05-25 21:33:00,482 : INFO : Start of finding best params for XGBoost algo...
2020-05-25 21:33:28,685 : INFO : XGBoost best params: {'learning_rate': 0.1, 'max_depth': 3, 'n_estimators': 200}
2020-05-25 21:33:28,685 : INFO : End of finding best params for XGBoost algo...
2020-05-25 21:33:28,692 : INFO : AUC for XGBoost:0.9716536312849162
2020-05-25 21:33:28,692 : INFO : Start of finding best params for randomforest algo...
2020-05-25 21:33:53,677 : INFO : Random Forest best params: {'criterion': 'gini', 'max_depth': 3, 'max_features': 'auto', 'n_estimators': 130}
2020-05-25 21:33:53,678 : INFO : End of finding best params for randomforest algo...
2020-05-25 21:33:53,702 : INFO : AUC for XGBoost:RandomForestClassifier(bootstrap=True, ccp_alpha=0.0, class_weight=None,
                       criterion='gini', max_depth=3, max_features='auto',
                       max_leaf_nodes=None, max_samples=None,
                       min_impurity_decrease=0.0, min_impurity_split=None,
                       min_samples_leaf=1, min_samples_split=2,
                       min_weight_fraction_leaf=0.0, n_estimators=130,
                       n_jobs=None, oob_score=False, random_state=None,
                       verbose=0, warm_start=False)
2020-05-25 21:33:53,702 : INFO : End of finding best model...
2020-05-25 21:33:53,702 : INFO : Start of Save Models
2020-05-25 21:33:53,702 : INFO : Start of Save Models
2020-05-25 21:33:53,708 : INFO : Model File RandomForest0 saved
2020-05-25 21:33:53,708 : INFO : Model File RandomForest0 saved
2020-05-25 21:33:53,709 : INFO : End of Save Models
2020-05-25 21:33:53,709 : INFO : End of Save Models
2020-05-25 21:33:53,712 : INFO : Start of finding best model...
2020-05-25 21:33:53,712 : INFO : Start of finding best params for XGBoost algo...
2020-05-25 21:34:26,043 : INFO : XGBoost best params: {'learning_rate': 0.1, 'max_depth': 10, 'n_estimators': 100}
2020-05-25 21:34:26,043 : INFO : End of finding best params for XGBoost algo...
2020-05-25 21:34:26,050 : INFO : AUC for XGBoost:0.9633760329700678
2020-05-25 21:34:26,050 : INFO : Start of finding best params for randomforest algo...
2020-05-25 21:34:50,557 : INFO : Random Forest best params: {'criterion': 'entropy', 'max_depth': 3, 'max_features': 'log2', 'n_estimators': 10}
2020-05-25 21:34:50,557 : INFO : End of finding best params for randomforest algo...
2020-05-25 21:34:50,563 : INFO : AUC for XGBoost:RandomForestClassifier(bootstrap=True, ccp_alpha=0.0, class_weight=None,
                       criterion='entropy', max_depth=3, max_features='log2',
                       max_leaf_nodes=None, max_samples=None,
                       min_impurity_decrease=0.0, min_impurity_split=None,
                       min_samples_leaf=1, min_samples_split=2,
                       min_weight_fraction_leaf=0.0, n_estimators=10,
                       n_jobs=None, oob_score=False, random_state=None,
                       verbose=0, warm_start=False)
2020-05-25 21:34:50,563 : INFO : End of finding best model...
2020-05-25 21:34:50,563 : INFO : Start of Save Models
2020-05-25 21:34:50,563 : INFO : Start of Save Models
2020-05-25 21:34:50,566 : INFO : Model File XGBoost1 saved
2020-05-25 21:34:50,566 : INFO : Model File XGBoost1 saved
2020-05-25 21:34:50,566 : INFO : End of Save Models
2020-05-25 21:34:50,566 : INFO : End of Save Models
2020-05-25 21:34:50,566 : INFO : End of Training
