2020-05-26 00:53:55,730 : INFO : Start of Data Load, validation and transformation
2020-05-26 00:53:55,730 : INFO : Start of Archiving Old Rejected Files...
2020-05-26 00:53:55,731 : INFO : End of Archiving Old Rejected Files...
2020-05-26 00:53:55,731 : INFO : Start of Reading values From Schema...
2020-05-26 00:53:55,732 : INFO : End of Reading values From Schema...
2020-05-26 00:53:55,732 : INFO : Start of Validating Column Length...
2020-05-26 00:53:55,737 : INFO : End of Validating Column Length...
2020-05-26 00:53:55,738 : INFO : Start of Validating Missing Values...
2020-05-26 00:53:55,765 : INFO : End of Validating Missing Values...
2020-05-26 00:53:55,765 : INFO : Start of Replacing Missing Values with NULL...
2020-05-26 00:53:55,772 : INFO : hr_employee_churn_data_predict2.csv: File Transformed successfully!!
2020-05-26 00:53:55,772 : INFO : End of Replacing Missing Values with NULL...
2020-05-26 00:53:55,772 : INFO : Start of Creating Table...
2020-05-26 00:53:55,773 : INFO : Opened prediction database successfully
2020-05-26 00:53:55,775 : INFO : Tables created successfully
2020-05-26 00:53:55,775 : INFO : Closed prediction database successfully
2020-05-26 00:53:55,775 : INFO : End of Creating Table...
2020-05-26 00:53:55,775 : INFO : Opened prediction database successfully
2020-05-26 00:53:55,776 : INFO : Start of Inserting Data into Table...
2020-05-26 00:53:56,127 : INFO : End of Inserting Data into Table...
2020-05-26 00:53:56,127 : INFO : Start of Exporting Data into CSV...
2020-05-26 00:53:56,140 : INFO : Opened prediction database successfully
2020-05-26 00:53:56,182 : INFO : End of Exporting Data into CSV...
2020-05-26 00:53:56,182 : INFO : End of Data Load, validation and transformation
2020-05-26 00:53:56,182 : INFO : Start of Preprocessing...
2020-05-26 00:53:56,183 : INFO : Start of reading dataset...
2020-05-26 00:53:56,209 : INFO : End of reading dataset...
2020-05-26 00:53:56,210 : INFO : Start of Droping Columns...
2020-05-26 00:53:56,212 : INFO : End of Droping Columns...
2020-05-26 00:53:56,213 : INFO : Start of feature encoding...
2020-05-26 00:53:56,220 : INFO : End of feature encoding...
2020-05-26 00:53:56,221 : INFO : Start of Droping Columns...
2020-05-26 00:53:56,222 : INFO : End of Droping Columns...
2020-05-26 00:53:56,222 : INFO : Start of finding missing values...
2020-05-26 00:53:56,231 : INFO : End of finding missing values...
2020-05-26 00:53:56,231 : INFO : Start of imputing missing values...
2020-05-26 00:53:56,236 : INFO : End of imputing missing values...
2020-05-26 00:53:56,237 : INFO : End of Preprocessing...
