2020-05-26 00:52:25,824 : INFO : Start of Data Load, validation and transformation
2020-05-26 00:52:25,825 : INFO : Start of Archiving Old Rejected Files...
2020-05-26 00:52:25,826 : INFO : End of Archiving Old Rejected Files...
2020-05-26 00:52:25,827 : INFO : Start of Reading values From Schema...
2020-05-26 00:52:25,827 : INFO : End of Reading values From Schema...
2020-05-26 00:52:25,827 : INFO : Start of Validating Column Length...
2020-05-26 00:52:25,834 : INFO : End of Validating Column Length...
2020-05-26 00:52:25,835 : INFO : Start of Validating Missing Values...
2020-05-26 00:52:25,890 : INFO : End of Validating Missing Values...
2020-05-26 00:52:25,891 : INFO : Start of Replacing Missing Values with NULL...
2020-05-26 00:52:25,903 : INFO : hr_employee_churn_data_predict2.csv: File Transformed successfully!!
2020-05-26 00:52:25,903 : INFO : End of Replacing Missing Values with NULL...
2020-05-26 00:52:25,903 : INFO : Start of Creating Table...
2020-05-26 00:52:25,904 : INFO : Opened prediction database successfully
2020-05-26 00:52:25,905 : INFO : Tables created successfully
2020-05-26 00:52:25,905 : INFO : Closed prediction database successfully
2020-05-26 00:52:25,905 : INFO : End of Creating Table...
2020-05-26 00:52:25,906 : INFO : Opened prediction database successfully
2020-05-26 00:52:25,906 : INFO : Start of Inserting Data into Table...
2020-05-26 00:52:26,429 : INFO : End of Inserting Data into Table...
2020-05-26 00:52:26,429 : INFO : Start of Exporting Data into CSV...
2020-05-26 00:52:26,443 : INFO : Opened prediction database successfully
2020-05-26 00:52:26,504 : INFO : End of Exporting Data into CSV...
2020-05-26 00:52:26,506 : INFO : End of Data Load, validation and transformation
2020-05-26 00:52:26,506 : INFO : Start of Preprocessing...
2020-05-26 00:52:26,506 : INFO : Start of reading dataset...
2020-05-26 00:52:26,531 : INFO : End of reading dataset...
2020-05-26 00:52:26,532 : INFO : Start of Droping Columns...
2020-05-26 00:52:26,534 : INFO : End of Droping Columns...
2020-05-26 00:52:26,534 : INFO : Start of feature encoding...
2020-05-26 00:52:26,544 : INFO : End of feature encoding...
2020-05-26 00:52:26,544 : INFO : Start of Droping Columns...
2020-05-26 00:52:26,546 : INFO : End of Droping Columns...
2020-05-26 00:52:26,546 : INFO : Start of finding missing values...
2020-05-26 00:52:26,558 : INFO : End of finding missing values...
2020-05-26 00:52:26,559 : INFO : Start of imputing missing values...
2020-05-26 00:52:26,567 : INFO : End of imputing missing values...
2020-05-26 00:52:26,568 : INFO : End of Preprocessing...
