2020-05-26 20:11:01,352 : INFO : Start of Training
2020-05-26 20:11:01,353 : INFO : Run_id:2020-05-26_201101_941151491
2020-05-26 20:11:01,353 : INFO : Start of Data Load, validation and transformation
2020-05-26 20:11:01,353 : INFO : Start of Archiving Old Rejected Files...
2020-05-26 20:11:01,353 : INFO : End of Archiving Old Rejected Files...
2020-05-26 20:11:01,354 : INFO : Start of Archiving Old Validated Files...
2020-05-26 20:11:01,357 : INFO : End of Archiving Old Validated Files...
2020-05-26 20:11:01,357 : INFO : Start of Archiving Old Processed Files...
2020-05-26 20:11:01,376 : INFO : End of Archiving Old Processed Files...
2020-05-26 20:11:01,377 : INFO : Start of Archiving Old Result Files...
2020-05-26 20:11:01,377 : INFO : End of Archiving Old Result Files...
2020-05-26 20:11:01,377 : INFO : Start of Reading values From Schema...
2020-05-26 20:11:01,378 : INFO : End of Reading values From Schema...
2020-05-26 20:11:01,378 : INFO : Start of Validating Column Length...
2020-05-26 20:11:01,402 : INFO : End of Validating Column Length...
2020-05-26 20:11:01,404 : INFO : Start of Validating Missing Values...
2020-05-26 20:11:01,425 : INFO : End of Validating Missing Values...
2020-05-26 20:11:01,426 : INFO : Start of Replacing Missing Values with NULL...
2020-05-26 20:11:01,650 : INFO : hr_employee_churn_data.csv: File Transformed successfully!!
2020-05-26 20:11:01,650 : INFO : End of Replacing Missing Values with NULL...
2020-05-26 20:11:01,651 : INFO : Start of Creating Table...
2020-05-26 20:11:01,651 : INFO : Opened training database successfully
2020-05-26 20:11:01,818 : INFO : CREATE TABLE training_raw_data_t column_name
2020-05-26 20:11:01,941 : INFO : ALTER TABLE training_raw_data_t ADD COLUMN
2020-05-26 20:11:02,085 : INFO : ALTER TABLE training_raw_data_t ADD COLUMN
2020-05-26 20:11:02,174 : INFO : ALTER TABLE training_raw_data_t ADD COLUMN
2020-05-26 20:11:02,272 : INFO : ALTER TABLE training_raw_data_t ADD COLUMN
2020-05-26 20:11:02,372 : INFO : ALTER TABLE training_raw_data_t ADD COLUMN
2020-05-26 20:11:02,483 : INFO : ALTER TABLE training_raw_data_t ADD COLUMN
2020-05-26 20:11:02,596 : INFO : ALTER TABLE training_raw_data_t ADD COLUMN
2020-05-26 20:11:02,760 : INFO : ALTER TABLE training_raw_data_t ADD COLUMN
2020-05-26 20:11:03,032 : INFO : ALTER TABLE training_raw_data_t ADD COLUMN
2020-05-26 20:11:03,032 : INFO : End of Creating Table...
2020-05-26 20:11:03,034 : INFO : Opened training database successfully
2020-05-26 20:11:03,034 : INFO : Start of Inserting Data into Table...
2020-05-26 20:35:34,393 : INFO : End of Inserting Data into Table...
2020-05-26 20:35:34,394 : INFO : Start of Exporting Data into CSV...
2020-05-26 20:35:34,423 : INFO : Opened training database successfully
2020-05-26 20:35:34,557 : INFO : End of Exporting Data into CSV...
2020-05-26 20:35:34,559 : INFO : Start of Moving Processed Files...
2020-05-26 20:35:34,562 : INFO : Moved the already processed file hr_employee_churn_data.csv
2020-05-26 20:35:34,562 : INFO : End of Moving Processed Files...
2020-05-26 20:35:34,562 : INFO : End of Data Load, validation and transformation
2020-05-26 20:35:34,562 : INFO : Start of Preprocessing...
2020-05-26 20:35:34,562 : INFO : Start of reading dataset...
2020-05-26 20:35:34,588 : INFO : End of reading dataset...
2020-05-26 20:35:34,588 : INFO : Start of Droping Columns...
2020-05-26 20:35:34,590 : INFO : End of Droping Columns...
2020-05-26 20:35:34,590 : INFO : Start of feature encoding...
2020-05-26 20:35:34,598 : INFO : End of feature encoding...
2020-05-26 20:35:34,600 : INFO : Start of Droping Columns...
2020-05-26 20:35:34,603 : INFO : End of Droping Columns...
2020-05-26 20:35:34,603 : INFO : Start of finding missing values...
2020-05-26 20:35:34,610 : INFO : End of finding missing values...
2020-05-26 20:35:34,610 : INFO : Start of imputing missing values...
2020-05-26 20:35:34,645 : INFO : End of imputing missing values...
2020-05-26 20:35:34,645 : INFO : Start of splitting features and label ...
2020-05-26 20:35:34,647 : INFO : End of splitting features and label ...
2020-05-26 20:35:34,647 : INFO : End of Preprocessing...
2020-05-26 20:35:34,648 : INFO : Start of elbow plotting...
2020-05-26 20:35:39,104 : INFO : The optimum number of clusters is: 3
2020-05-26 20:35:39,104 : INFO : End of elbow plotting...
2020-05-26 20:35:39,105 : INFO : Start of Create clusters...
2020-05-26 20:35:39,320 : INFO : Start of Save Models
2020-05-26 20:35:39,320 : INFO : Start of Save Models
2020-05-26 20:35:39,324 : INFO : Model File KMeans saved
2020-05-26 20:35:39,324 : INFO : Model File KMeans saved
2020-05-26 20:35:39,324 : INFO : End of Save Models
2020-05-26 20:35:39,324 : INFO : End of Save Models
2020-05-26 20:35:39,325 : INFO : succesfully created 3clusters.
2020-05-26 20:35:39,325 : INFO : End of Create clusters...
2020-05-26 20:35:39,334 : INFO : Start of finding best model...
2020-05-26 20:35:39,334 : INFO : Start of finding best params for XGBoost algo...
2020-05-26 20:36:41,793 : INFO : XGBoost best params: {'learning_rate': 0.5, 'max_depth': 10, 'n_estimators': 200}
2020-05-26 20:36:41,793 : INFO : End of finding best params for XGBoost algo...
2020-05-26 20:36:41,883 : INFO : AUC for XGBoost:0.983593869701696
2020-05-26 20:36:41,884 : INFO : Start of finding best params for randomforest algo...
2020-05-26 20:37:12,107 : INFO : Random Forest best params: {'criterion': 'gini', 'max_depth': 3, 'max_features': 'auto', 'n_estimators': 50}
2020-05-26 20:37:12,107 : INFO : End of finding best params for randomforest algo...
2020-05-26 20:37:12,121 : INFO : AUC for XGBoost:0.9645673158140795
2020-05-26 20:37:12,121 : INFO : End of finding best model...
2020-05-26 20:37:12,121 : INFO : Start of Save Models
2020-05-26 20:37:12,121 : INFO : Start of Save Models
2020-05-26 20:37:12,248 : INFO : Model File XGBoost2 saved
2020-05-26 20:37:12,248 : INFO : Model File XGBoost2 saved
2020-05-26 20:37:12,248 : INFO : End of Save Models
2020-05-26 20:37:12,248 : INFO : End of Save Models
2020-05-26 20:37:12,266 : INFO : Start of finding best model...
2020-05-26 20:37:12,266 : INFO : Start of finding best params for XGBoost algo...
2020-05-26 20:38:15,138 : INFO : XGBoost best params: {'learning_rate': 0.1, 'max_depth': 10, 'n_estimators': 100}
2020-05-26 20:38:15,138 : INFO : End of finding best params for XGBoost algo...
2020-05-26 20:38:15,147 : INFO : AUC for XGBoost:0.9832103511442503
2020-05-26 20:38:15,147 : INFO : Start of finding best params for randomforest algo...
2020-05-26 20:38:48,858 : INFO : Random Forest best params: {'criterion': 'gini', 'max_depth': 3, 'max_features': 'auto', 'n_estimators': 100}
2020-05-26 20:38:48,858 : INFO : End of finding best params for randomforest algo...
2020-05-26 20:38:48,881 : INFO : AUC for XGBoost:0.9562510212681785
2020-05-26 20:38:48,881 : INFO : End of finding best model...
2020-05-26 20:38:48,882 : INFO : Start of Save Models
2020-05-26 20:38:48,882 : INFO : Start of Save Models
2020-05-26 20:38:48,923 : INFO : Model File XGBoost1 saved
2020-05-26 20:38:48,923 : INFO : Model File XGBoost1 saved
2020-05-26 20:38:48,923 : INFO : End of Save Models
2020-05-26 20:38:48,923 : INFO : End of Save Models
2020-05-26 20:38:48,930 : INFO : Start of finding best model...
2020-05-26 20:38:48,930 : INFO : Start of finding best params for XGBoost algo...
2020-05-26 20:39:32,935 : INFO : XGBoost best params: {'learning_rate': 0.5, 'max_depth': 20, 'n_estimators': 50}
2020-05-26 20:39:32,935 : INFO : End of finding best params for XGBoost algo...
2020-05-26 20:39:32,942 : INFO : AUC for XGBoost:0.9081905910735827
2020-05-26 20:39:32,942 : INFO : Start of finding best params for randomforest algo...
2020-05-26 20:40:03,457 : INFO : Random Forest best params: {'criterion': 'entropy', 'max_depth': 3, 'max_features': 'log2', 'n_estimators': 100}
2020-05-26 20:40:03,457 : INFO : End of finding best params for randomforest algo...
2020-05-26 20:40:03,478 : INFO : AUC for XGBoost:0.8093968636911942
2020-05-26 20:40:03,478 : INFO : End of finding best model...
2020-05-26 20:40:03,479 : INFO : Start of Save Models
2020-05-26 20:40:03,479 : INFO : Start of Save Models
2020-05-26 20:40:03,481 : INFO : Model File XGBoost0 saved
2020-05-26 20:40:03,481 : INFO : Model File XGBoost0 saved
2020-05-26 20:40:03,481 : INFO : End of Save Models
2020-05-26 20:40:03,481 : INFO : End of Save Models
2020-05-26 20:40:03,481 : INFO : End of Training
