2020-05-26 20:05:04,327 : INFO : Start of Training
2020-05-26 20:05:04,327 : INFO : Run_id:2020-05-26_200504_517879000
2020-05-26 20:05:04,328 : INFO : Start of Data Load, validation and transformation
2020-05-26 20:05:04,328 : INFO : Start of Archiving Old Rejected Files...
2020-05-26 20:05:04,328 : INFO : End of Archiving Old Rejected Files...
2020-05-26 20:05:04,328 : INFO : Start of Archiving Old Validated Files...
2020-05-26 20:05:04,331 : INFO : End of Archiving Old Validated Files...
2020-05-26 20:05:04,332 : INFO : Start of Archiving Old Processed Files...
2020-05-26 20:05:04,333 : INFO : End of Archiving Old Processed Files...
2020-05-26 20:05:04,333 : INFO : Start of Archiving Old Result Files...
2020-05-26 20:05:04,333 : INFO : End of Archiving Old Result Files...
2020-05-26 20:05:04,333 : INFO : Start of Reading values From Schema...
2020-05-26 20:05:04,334 : INFO : End of Reading values From Schema...
2020-05-26 20:05:04,334 : INFO : Start of Validating Column Length...
2020-05-26 20:05:04,345 : INFO : End of Validating Column Length...
2020-05-26 20:05:04,345 : INFO : Start of Validating Missing Values...
2020-05-26 20:05:04,353 : INFO : End of Validating Missing Values...
2020-05-26 20:05:04,353 : INFO : Start of Replacing Missing Values with NULL...
2020-05-26 20:05:04,366 : INFO : hr_employee_churn_data.csv: File Transformed successfully!!
2020-05-26 20:05:04,367 : INFO : End of Replacing Missing Values with NULL...
2020-05-26 20:05:04,367 : INFO : Start of Creating Table...
2020-05-26 20:05:04,368 : INFO : Opened training database successfully
2020-05-26 20:05:04,638 : INFO : CREATE TABLE training_raw_data_t column_name
2020-05-26 20:05:04,729 : INFO : ALTER TABLE training_raw_data_t ADD COLUMN
2020-05-26 20:05:04,807 : INFO : ALTER TABLE training_raw_data_t ADD COLUMN
2020-05-26 20:05:04,884 : INFO : ALTER TABLE training_raw_data_t ADD COLUMN
2020-05-26 20:05:04,968 : INFO : ALTER TABLE training_raw_data_t ADD COLUMN
2020-05-26 20:05:05,072 : INFO : ALTER TABLE training_raw_data_t ADD COLUMN
2020-05-26 20:05:05,150 : INFO : ALTER TABLE training_raw_data_t ADD COLUMN
2020-05-26 20:05:05,239 : INFO : ALTER TABLE training_raw_data_t ADD COLUMN
2020-05-26 20:05:05,329 : INFO : ALTER TABLE training_raw_data_t ADD COLUMN
2020-05-26 20:05:05,415 : INFO : ALTER TABLE training_raw_data_t ADD COLUMN
2020-05-26 20:05:05,416 : INFO : End of Creating Table...
2020-05-26 20:05:05,426 : INFO : Opened training database successfully
2020-05-26 20:05:05,426 : INFO : Start of Inserting Data into Table...
2020-05-26 20:05:39,612 : INFO : End of Inserting Data into Table...
2020-05-26 20:05:39,612 : INFO : Start of Exporting Data into CSV...
2020-05-26 20:05:39,638 : INFO : Opened training database successfully
2020-05-26 20:05:39,645 : INFO : End of Exporting Data into CSV...
2020-05-26 20:05:39,646 : INFO : Start of Moving Processed Files...
2020-05-26 20:05:39,647 : INFO : Moved the already processed file hr_employee_churn_data.csv
2020-05-26 20:05:39,647 : INFO : End of Moving Processed Files...
2020-05-26 20:05:39,647 : INFO : End of Data Load, validation and transformation
2020-05-26 20:05:39,647 : INFO : Start of Preprocessing...
2020-05-26 20:05:39,648 : INFO : Start of reading dataset...
2020-05-26 20:05:39,662 : INFO : End of reading dataset...
2020-05-26 20:05:39,662 : INFO : Start of Droping Columns...
2020-05-26 20:05:39,663 : INFO : End of Droping Columns...
2020-05-26 20:05:39,663 : INFO : Start of feature encoding...
2020-05-26 20:05:39,673 : INFO : End of feature encoding...
2020-05-26 20:05:39,674 : INFO : Start of Droping Columns...
2020-05-26 20:05:39,676 : INFO : End of Droping Columns...
2020-05-26 20:05:39,676 : INFO : Start of finding missing values...
2020-05-26 20:05:39,681 : INFO : End of finding missing values...
2020-05-26 20:05:39,681 : INFO : Start of imputing missing values...
2020-05-26 20:05:39,687 : INFO : End of imputing missing values...
2020-05-26 20:05:39,687 : INFO : Start of splitting features and label ...
2020-05-26 20:05:39,688 : INFO : End of splitting features and label ...
2020-05-26 20:05:39,688 : INFO : End of Preprocessing...
2020-05-26 20:05:39,689 : INFO : Start of elbow plotting...
2020-05-26 20:05:40,296 : INFO : The optimum number of clusters is: 2
2020-05-26 20:05:40,296 : INFO : End of elbow plotting...
2020-05-26 20:05:40,296 : INFO : Start of Create clusters...
2020-05-26 20:05:40,315 : INFO : Start of Save Models
2020-05-26 20:05:40,315 : INFO : Start of Save Models
2020-05-26 20:05:40,318 : INFO : Model File KMeans saved
2020-05-26 20:05:40,318 : INFO : Model File KMeans saved
2020-05-26 20:05:40,319 : INFO : End of Save Models
2020-05-26 20:05:40,319 : INFO : End of Save Models
2020-05-26 20:05:40,320 : INFO : succesfully created 2clusters.
2020-05-26 20:05:40,320 : INFO : End of Create clusters...
2020-05-26 20:05:40,325 : INFO : Start of finding best model...
2020-05-26 20:05:40,325 : INFO : Start of finding best params for XGBoost algo...
2020-05-26 20:05:47,067 : INFO : XGBoost best params: {'learning_rate': 0.5, 'max_depth': 3, 'n_estimators': 10}
2020-05-26 20:05:47,067 : INFO : End of finding best params for XGBoost algo...
2020-05-26 20:05:47,071 : INFO : Accuracy for XGBoost:1.0
2020-05-26 20:05:47,071 : INFO : Start of finding best params for randomforest algo...
2020-05-26 20:06:06,355 : INFO : Random Forest best params: {'criterion': 'gini', 'max_depth': 2, 'max_features': 'auto', 'n_estimators': 10}
2020-05-26 20:06:06,355 : INFO : End of finding best params for randomforest algo...
2020-05-26 20:06:06,358 : INFO : Accuracy for XGBoost:1.0
2020-05-26 20:06:06,358 : INFO : End of finding best model...
2020-05-26 20:06:06,358 : INFO : Start of Save Models
2020-05-26 20:06:06,358 : INFO : Start of Save Models
2020-05-26 20:06:06,423 : INFO : Model File RandomForest0 saved
2020-05-26 20:06:06,423 : INFO : Model File RandomForest0 saved
2020-05-26 20:06:06,423 : INFO : End of Save Models
2020-05-26 20:06:06,423 : INFO : End of Save Models
2020-05-26 20:06:06,438 : INFO : Start of finding best model...
2020-05-26 20:06:06,439 : INFO : Start of finding best params for XGBoost algo...
2020-05-26 20:06:13,232 : INFO : XGBoost best params: {'learning_rate': 0.5, 'max_depth': 3, 'n_estimators': 10}
2020-05-26 20:06:13,233 : INFO : End of finding best params for XGBoost algo...
2020-05-26 20:06:13,237 : INFO : Accuracy for XGBoost:1.0
2020-05-26 20:06:13,237 : INFO : Start of finding best params for randomforest algo...
2020-05-26 20:06:32,476 : INFO : Random Forest best params: {'criterion': 'gini', 'max_depth': 2, 'max_features': 'auto', 'n_estimators': 10}
2020-05-26 20:06:32,476 : INFO : End of finding best params for randomforest algo...
2020-05-26 20:06:32,479 : INFO : Accuracy for XGBoost:1.0
2020-05-26 20:06:32,479 : INFO : End of finding best model...
2020-05-26 20:06:32,479 : INFO : Start of Save Models
2020-05-26 20:06:32,479 : INFO : Start of Save Models
2020-05-26 20:06:32,480 : INFO : Model File RandomForest1 saved
2020-05-26 20:06:32,480 : INFO : Model File RandomForest1 saved
2020-05-26 20:06:32,481 : INFO : End of Save Models
2020-05-26 20:06:32,481 : INFO : End of Save Models
2020-05-26 20:06:32,481 : INFO : End of Training
