2020-05-26 19:49:51,545 : INFO : Start of Training
2020-05-26 19:49:51,546 : INFO : Run_id:2020-05-26_194951_768845829
2020-05-26 19:49:51,546 : INFO : Start of Data Load, validation and transformation
2020-05-26 19:49:51,546 : INFO : Start of Archiving Old Rejected Files...
2020-05-26 19:49:51,546 : INFO : End of Archiving Old Rejected Files...
2020-05-26 19:49:51,546 : INFO : Start of Archiving Old Validated Files...
2020-05-26 19:49:51,566 : INFO : End of Archiving Old Validated Files...
2020-05-26 19:49:51,566 : INFO : Start of Archiving Old Processed Files...
2020-05-26 19:49:51,607 : INFO : End of Archiving Old Processed Files...
2020-05-26 19:49:51,607 : INFO : Start of Archiving Old Result Files...
2020-05-26 19:49:51,607 : INFO : End of Archiving Old Result Files...
2020-05-26 19:49:51,607 : INFO : Start of Reading values From Schema...
2020-05-26 19:49:51,651 : INFO : End of Reading values From Schema...
2020-05-26 19:49:51,652 : INFO : Start of Validating Column Length...
2020-05-26 19:49:51,673 : INFO : End of Validating Column Length...
2020-05-26 19:49:51,674 : INFO : Start of Validating Missing Values...
2020-05-26 19:49:51,685 : INFO : End of Validating Missing Values...
2020-05-26 19:49:51,685 : INFO : Start of Replacing Missing Values with NULL...
2020-05-26 19:49:51,702 : INFO : hr_employee_churn_data.csv: File Transformed successfully!!
2020-05-26 19:49:51,702 : INFO : End of Replacing Missing Values with NULL...
2020-05-26 19:49:51,702 : INFO : Start of Creating Table...
2020-05-26 19:49:51,730 : INFO : Opened training database successfully
2020-05-26 19:49:51,731 : INFO : Tables created successfully
2020-05-26 19:49:51,731 : INFO : Closed training database successfully
2020-05-26 19:49:51,731 : INFO : End of Creating Table...
2020-05-26 19:49:51,731 : INFO : Opened training database successfully
2020-05-26 19:49:51,732 : INFO : Start of Inserting Data into Table...
