2020-05-26 00:53:22,698 : INFO : Start of Data Load, validation and transformation
2020-05-26 00:53:22,698 : INFO : Start of Archiving Old Rejected Files...
2020-05-26 00:53:22,699 : INFO : End of Archiving Old Rejected Files...
2020-05-26 00:53:22,699 : INFO : Start of Reading values From Schema...
2020-05-26 00:53:22,699 : INFO : End of Reading values From Schema...
2020-05-26 00:53:22,700 : INFO : Start of Validating Column Length...
2020-05-26 00:53:22,702 : INFO : End of Validating Column Length...
2020-05-26 00:53:22,703 : INFO : Start of Validating Missing Values...
2020-05-26 00:53:22,751 : INFO : End of Validating Missing Values...
2020-05-26 00:53:22,751 : INFO : Start of Replacing Missing Values with NULL...
2020-05-26 00:53:22,756 : INFO : hr_employee_churn_data_predict2.csv: File Transformed successfully!!
2020-05-26 00:53:22,756 : INFO : End of Replacing Missing Values with NULL...
2020-05-26 00:53:22,756 : INFO : Start of Creating Table...
2020-05-26 00:53:22,756 : INFO : Opened prediction database successfully
2020-05-26 00:53:22,757 : INFO : Tables created successfully
2020-05-26 00:53:22,757 : INFO : Closed prediction database successfully
2020-05-26 00:53:22,757 : INFO : End of Creating Table...
2020-05-26 00:53:22,757 : INFO : Opened prediction database successfully
2020-05-26 00:53:22,758 : INFO : Start of Inserting Data into Table...
2020-05-26 00:53:23,128 : INFO : End of Inserting Data into Table...
2020-05-26 00:53:23,128 : INFO : Start of Exporting Data into CSV...
2020-05-26 00:53:23,140 : INFO : Opened prediction database successfully
2020-05-26 00:53:23,181 : INFO : End of Exporting Data into CSV...
2020-05-26 00:53:23,181 : INFO : End of Data Load, validation and transformation
2020-05-26 00:53:23,181 : INFO : Start of Preprocessing...
2020-05-26 00:53:23,181 : INFO : Start of reading dataset...
2020-05-26 00:53:23,206 : INFO : End of reading dataset...
2020-05-26 00:53:23,206 : INFO : Start of Droping Columns...
2020-05-26 00:53:23,207 : INFO : End of Droping Columns...
2020-05-26 00:53:23,207 : INFO : Start of feature encoding...
2020-05-26 00:53:23,216 : INFO : End of feature encoding...
2020-05-26 00:53:23,216 : INFO : Start of Droping Columns...
2020-05-26 00:53:23,217 : INFO : End of Droping Columns...
2020-05-26 00:53:23,217 : INFO : Start of finding missing values...
2020-05-26 00:53:23,222 : INFO : End of finding missing values...
2020-05-26 00:53:23,223 : INFO : Start of imputing missing values...
2020-05-26 00:53:23,231 : INFO : End of imputing missing values...
2020-05-26 00:53:23,231 : INFO : End of Preprocessing...
