2020-05-25 23:14:50,732 : INFO : Start of Training
2020-05-25 23:14:50,733 : INFO : RunId:2020-05-25_231450_241040886
2020-05-25 23:14:50,733 : INFO : Start of Data Load, validation and transformation
2020-05-25 23:14:50,733 : INFO : Start of Archiving Old Rejected Files...
2020-05-25 23:14:50,734 : INFO : End of Archiving Old Rejected Files...
2020-05-25 23:14:50,734 : INFO : Start of Reading values From Schema...
2020-05-25 23:14:50,734 : INFO : End of Reading values From Schema...
2020-05-25 23:14:50,734 : INFO : Start of Validating Column Length...
2020-05-25 23:14:50,831 : INFO : End of Validating Column Length...
2020-05-25 23:14:50,831 : INFO : Start of Validating Missing Values...
2020-05-25 23:14:50,843 : INFO : End of Validating Missing Values...
2020-05-25 23:14:50,843 : INFO : Start of Replacing Missing Values with NULL...
2020-05-25 23:14:50,915 : INFO : hr_employee_churn_data.csv: File Transformed successfully!!
2020-05-25 23:14:50,915 : INFO : End of Replacing Missing Values with NULL...
2020-05-25 23:14:50,916 : INFO : Start of Creating Table...
2020-05-25 23:14:50,916 : INFO : Opened training database successfully
2020-05-25 23:14:51,025 : INFO : CREATE TABLE  training_raw_data_t column_name
2020-05-25 23:14:51,097 : INFO : ALTER TABLE training_raw_data_t ADD COLUMN
2020-05-25 23:14:51,175 : INFO : ALTER TABLE training_raw_data_t ADD COLUMN
2020-05-25 23:14:51,230 : INFO : ALTER TABLE training_raw_data_t ADD COLUMN
2020-05-25 23:14:51,366 : INFO : ALTER TABLE training_raw_data_t ADD COLUMN
2020-05-25 23:14:51,532 : INFO : ALTER TABLE training_raw_data_t ADD COLUMN
2020-05-25 23:14:51,606 : INFO : ALTER TABLE training_raw_data_t ADD COLUMN
2020-05-25 23:14:51,673 : INFO : ALTER TABLE training_raw_data_t ADD COLUMN
2020-05-25 23:14:51,740 : INFO : ALTER TABLE training_raw_data_t ADD COLUMN
2020-05-25 23:14:51,808 : INFO : ALTER TABLE training_raw_data_t ADD COLUMN
2020-05-25 23:14:51,808 : INFO : End of Creating Table...
2020-05-25 23:14:51,810 : INFO : Opened training database successfully
2020-05-25 23:14:51,810 : INFO : Start of Inserting Data into Table...
2020-05-25 23:21:25,447 : INFO : End of Inserting Data into Table...
2020-05-25 23:21:25,448 : INFO : Start of Exporting Data into CSV...
2020-05-25 23:21:25,460 : INFO : Opened training database successfully
2020-05-25 23:21:25,497 : INFO : End of Exporting Data into CSV...
2020-05-25 23:21:25,497 : INFO : End of Data Load, validation and transformation
2020-05-25 23:21:25,498 : INFO : Start of Preprocessing...
2020-05-25 23:21:25,498 : INFO : Start of reading dataset...
2020-05-25 23:21:25,522 : INFO : End of reading dataset...
2020-05-25 23:21:25,522 : INFO : Start of Droping Columns...
2020-05-25 23:21:25,523 : INFO : End of Droping Columns...
2020-05-25 23:21:25,523 : INFO : Start of feature encoding...
2020-05-25 23:21:25,535 : INFO : End of feature encoding...
2020-05-25 23:21:25,537 : INFO : Start of Droping Columns...
2020-05-25 23:21:25,538 : INFO : End of Droping Columns...
2020-05-25 23:21:25,539 : INFO : Start of finding missing values...
2020-05-25 23:21:25,544 : INFO : End of finding missing values...
2020-05-25 23:21:25,544 : INFO : Start of imputing missing values...
2020-05-25 23:21:25,552 : INFO : End of imputing missing values...
2020-05-25 23:21:25,552 : INFO : Start of splitting features and label ...
2020-05-25 23:21:25,554 : INFO : End of splitting features and label ...
2020-05-25 23:21:25,554 : INFO : End of Preprocessing...
2020-05-25 23:21:25,554 : INFO : Start of elbow plotting...
2020-05-25 23:21:27,245 : INFO : The optimum number of clusters is: 2
2020-05-25 23:21:27,245 : INFO : End of elbow plotting...
2020-05-25 23:21:27,245 : INFO : Start of Create clusters...
2020-05-25 23:21:27,305 : INFO : Start of Save Models
2020-05-25 23:21:27,305 : INFO : Start of Save Models
2020-05-25 23:21:27,306 : INFO : Model File KMeans saved
2020-05-25 23:21:27,306 : INFO : Model File KMeans saved
2020-05-25 23:21:27,307 : INFO : End of Save Models
2020-05-25 23:21:27,307 : INFO : End of Save Models
2020-05-25 23:21:27,308 : INFO : succesfully created 2clusters.
2020-05-25 23:21:27,308 : INFO : End of Create clusters...
2020-05-25 23:21:27,313 : INFO : Start of finding best model...
2020-05-25 23:21:27,313 : INFO : Start of finding best params for XGBoost algo...
2020-05-25 23:21:56,031 : INFO : XGBoost best params: {'learning_rate': 0.1, 'max_depth': 3, 'n_estimators': 200}
2020-05-25 23:21:56,032 : INFO : End of finding best params for XGBoost algo...
2020-05-25 23:21:56,038 : INFO : AUC for XGBoost:0.9716536312849162
2020-05-25 23:21:56,039 : INFO : Start of finding best params for randomforest algo...
2020-05-25 23:22:20,687 : INFO : Random Forest best params: {'criterion': 'gini', 'max_depth': 3, 'max_features': 'auto', 'n_estimators': 50}
2020-05-25 23:22:20,687 : INFO : End of finding best params for randomforest algo...
2020-05-25 23:22:20,700 : INFO : AUC for XGBoost:RandomForestClassifier(bootstrap=True, ccp_alpha=0.0, class_weight=None,
                       criterion='gini', max_depth=3, max_features='auto',
                       max_leaf_nodes=None, max_samples=None,
                       min_impurity_decrease=0.0, min_impurity_split=None,
                       min_samples_leaf=1, min_samples_split=2,
                       min_weight_fraction_leaf=0.0, n_estimators=50,
                       n_jobs=None, oob_score=False, random_state=None,
                       verbose=0, warm_start=False)
2020-05-25 23:22:20,700 : INFO : End of finding best model...
2020-05-25 23:22:20,701 : INFO : Start of Save Models
2020-05-25 23:22:20,701 : INFO : Start of Save Models
2020-05-25 23:22:20,703 : INFO : Model File RandomForest0 saved
2020-05-25 23:22:20,703 : INFO : Model File RandomForest0 saved
2020-05-25 23:22:20,704 : INFO : End of Save Models
2020-05-25 23:22:20,704 : INFO : End of Save Models
2020-05-25 23:22:20,709 : INFO : Start of finding best model...
2020-05-25 23:22:20,709 : INFO : Start of finding best params for XGBoost algo...
2020-05-25 23:22:56,789 : INFO : XGBoost best params: {'learning_rate': 0.1, 'max_depth': 10, 'n_estimators': 100}
2020-05-25 23:22:56,789 : INFO : End of finding best params for XGBoost algo...
2020-05-25 23:22:56,798 : INFO : AUC for XGBoost:0.9633760329700678
2020-05-25 23:22:56,798 : INFO : Start of finding best params for randomforest algo...
2020-05-25 23:23:24,410 : INFO : Random Forest best params: {'criterion': 'entropy', 'max_depth': 3, 'max_features': 'auto', 'n_estimators': 50}
2020-05-25 23:23:24,410 : INFO : End of finding best params for randomforest algo...
2020-05-25 23:23:24,423 : INFO : AUC for XGBoost:RandomForestClassifier(bootstrap=True, ccp_alpha=0.0, class_weight=None,
                       criterion='entropy', max_depth=3, max_features='auto',
                       max_leaf_nodes=None, max_samples=None,
                       min_impurity_decrease=0.0, min_impurity_split=None,
                       min_samples_leaf=1, min_samples_split=2,
                       min_weight_fraction_leaf=0.0, n_estimators=50,
                       n_jobs=None, oob_score=False, random_state=None,
                       verbose=0, warm_start=False)
2020-05-25 23:23:24,423 : INFO : End of finding best model...
2020-05-25 23:23:24,423 : INFO : Start of Save Models
2020-05-25 23:23:24,423 : INFO : Start of Save Models
2020-05-25 23:23:24,426 : INFO : Model File XGBoost1 saved
2020-05-25 23:23:24,426 : INFO : Model File XGBoost1 saved
2020-05-25 23:23:24,426 : INFO : End of Save Models
2020-05-25 23:23:24,426 : INFO : End of Save Models
2020-05-25 23:23:24,426 : INFO : End of Training
