2020-05-26 00:08:30,789 : INFO : Start of Data Load, validation and transformation
2020-05-26 00:08:30,789 : INFO : Start of Archiving Old Rejected Files...
2020-05-26 00:08:30,790 : INFO : End of Archiving Old Rejected Files...
2020-05-26 00:08:30,790 : INFO : Start of Reading values From Schema...
2020-05-26 00:08:30,790 : INFO : End of Reading values From Schema...
2020-05-26 00:08:30,790 : INFO : Start of Validating Column Length...
2020-05-26 00:08:30,802 : INFO : End of Validating Column Length...
2020-05-26 00:08:30,802 : INFO : Start of Validating Missing Values...
2020-05-26 00:08:30,867 : INFO : End of Validating Missing Values...
2020-05-26 00:08:30,868 : INFO : Start of Replacing Missing Values with NULL...
2020-05-26 00:08:30,928 : INFO : hr_employee_churn_data_predict.csv: File Transformed successfully!!
2020-05-26 00:08:30,929 : INFO : End of Replacing Missing Values with NULL...
2020-05-26 00:08:30,929 : INFO : Start of Creating Table...
2020-05-26 00:08:30,930 : INFO : Opened prediction database successfully
2020-05-26 00:08:31,055 : INFO : CREATE TABLE  training_raw_data_t column_name
2020-05-26 00:08:31,130 : INFO : ALTER TABLE training_raw_data_t ADD COLUMN
2020-05-26 00:08:31,210 : INFO : ALTER TABLE training_raw_data_t ADD COLUMN
2020-05-26 00:08:31,301 : INFO : ALTER TABLE training_raw_data_t ADD COLUMN
2020-05-26 00:08:31,401 : INFO : ALTER TABLE training_raw_data_t ADD COLUMN
2020-05-26 00:08:31,474 : INFO : ALTER TABLE training_raw_data_t ADD COLUMN
2020-05-26 00:08:31,553 : INFO : ALTER TABLE training_raw_data_t ADD COLUMN
2020-05-26 00:08:31,606 : INFO : ALTER TABLE training_raw_data_t ADD COLUMN
2020-05-26 00:08:31,675 : INFO : ALTER TABLE training_raw_data_t ADD COLUMN
2020-05-26 00:08:31,676 : INFO : End of Creating Table...
2020-05-26 00:08:31,687 : INFO : Opened prediction database successfully
2020-05-26 00:08:31,687 : INFO : Start of Inserting Data into Table...
2020-05-26 00:14:22,968 : INFO : End of Inserting Data into Table...
2020-05-26 00:14:22,969 : INFO : Start of Exporting Data into CSV...
2020-05-26 00:14:22,980 : INFO : Opened prediction database successfully
2020-05-26 00:14:23,014 : INFO : End of Exporting Data into CSV...
2020-05-26 00:14:23,014 : INFO : End of Data Load, validation and transformation
2020-05-26 00:14:23,015 : INFO : Start of Preprocessing...
2020-05-26 00:14:23,015 : INFO : Start of reading dataset...
2020-05-26 00:14:23,038 : INFO : End of reading dataset...
2020-05-26 00:14:23,038 : INFO : Start of Droping Columns...
2020-05-26 00:14:23,039 : INFO : End of Droping Columns...
2020-05-26 00:14:23,040 : INFO : Start of feature encoding...
2020-05-26 00:14:23,048 : INFO : End of feature encoding...
2020-05-26 00:14:23,049 : INFO : Start of Droping Columns...
2020-05-26 00:14:23,050 : INFO : End of Droping Columns...
2020-05-26 00:14:23,050 : INFO : Start of finding missing values...
2020-05-26 00:14:23,060 : INFO : End of finding missing values...
2020-05-26 00:14:23,061 : INFO : Start of imputing missing values...
2020-05-26 00:14:23,069 : INFO : End of imputing missing values...
2020-05-26 00:14:23,069 : INFO : End of Preprocessing...
