2020-05-26 01:41:54,407 : INFO : Start of Training
2020-05-26 01:41:54,408 : INFO : Run_id:2020-05-26_014154_559851343
2020-05-26 01:41:54,408 : INFO : Start of Data Load, validation and transformation
2020-05-26 01:41:54,408 : INFO : Start of Archiving Old Rejected Files...
2020-05-26 01:41:54,409 : INFO : End of Archiving Old Rejected Files...
2020-05-26 01:41:54,409 : INFO : Start of Archiving Old Validated Files...
2020-05-26 01:41:54,410 : INFO : End of Archiving Old Validated Files...
2020-05-26 01:41:54,410 : INFO : Start of Archiving Old Processed Files...
2020-05-26 01:41:54,428 : INFO : End of Archiving Old Processed Files...
2020-05-26 01:41:54,429 : INFO : Start of Reading values From Schema...
2020-05-26 01:41:54,429 : INFO : End of Reading values From Schema...
2020-05-26 01:41:54,429 : INFO : Start of Validating Column Length...
2020-05-26 01:41:54,439 : INFO : End of Validating Column Length...
2020-05-26 01:41:54,440 : INFO : Start of Validating Missing Values...
2020-05-26 01:41:54,456 : INFO : End of Validating Missing Values...
2020-05-26 01:41:54,456 : INFO : Start of Replacing Missing Values with NULL...
2020-05-26 01:41:54,533 : INFO : hr_employee_churn_data.csv: File Transformed successfully!!
2020-05-26 01:41:54,533 : INFO : End of Replacing Missing Values with NULL...
2020-05-26 01:41:54,533 : INFO : Start of Creating Table...
2020-05-26 01:41:54,534 : INFO : Opened training database successfully
2020-05-26 01:41:54,629 : INFO : CREATE TABLE training_raw_data_t column_name
2020-05-26 01:41:54,702 : INFO : ALTER TABLE training_raw_data_t ADD COLUMN
2020-05-26 01:41:54,779 : INFO : ALTER TABLE training_raw_data_t ADD COLUMN
2020-05-26 01:41:54,849 : INFO : ALTER TABLE training_raw_data_t ADD COLUMN
2020-05-26 01:41:54,938 : INFO : ALTER TABLE training_raw_data_t ADD COLUMN
2020-05-26 01:41:55,056 : INFO : ALTER TABLE training_raw_data_t ADD COLUMN
2020-05-26 01:41:55,145 : INFO : ALTER TABLE training_raw_data_t ADD COLUMN
2020-05-26 01:41:55,222 : INFO : ALTER TABLE training_raw_data_t ADD COLUMN
2020-05-26 01:41:55,310 : INFO : ALTER TABLE training_raw_data_t ADD COLUMN
2020-05-26 01:41:55,388 : INFO : ALTER TABLE training_raw_data_t ADD COLUMN
2020-05-26 01:41:55,388 : INFO : End of Creating Table...
2020-05-26 01:41:55,400 : INFO : Opened training database successfully
2020-05-26 01:41:55,400 : INFO : Start of Inserting Data into Table...
2020-05-26 01:48:33,603 : INFO : End of Inserting Data into Table...
2020-05-26 01:48:33,604 : INFO : Start of Exporting Data into CSV...
2020-05-26 01:48:33,618 : INFO : Opened training database successfully
2020-05-26 01:48:33,658 : INFO : End of Exporting Data into CSV...
2020-05-26 01:48:33,659 : INFO : Start of Moving Processed Files...
2020-05-26 01:48:33,660 : INFO : Moved the already processed file hr_employee_churn_data.csv
2020-05-26 01:48:33,660 : INFO : End of Moving Processed Files...
2020-05-26 01:48:33,660 : INFO : End of Data Load, validation and transformation
2020-05-26 01:48:33,660 : INFO : Start of Preprocessing...
2020-05-26 01:48:33,660 : INFO : Start of reading dataset...
2020-05-26 01:48:33,681 : INFO : End of reading dataset...
2020-05-26 01:48:33,681 : INFO : Start of Droping Columns...
2020-05-26 01:48:33,682 : INFO : End of Droping Columns...
2020-05-26 01:48:33,682 : INFO : Start of feature encoding...
2020-05-26 01:48:33,695 : INFO : End of feature encoding...
2020-05-26 01:48:33,696 : INFO : Start of Droping Columns...
2020-05-26 01:48:33,697 : INFO : End of Droping Columns...
2020-05-26 01:48:33,698 : INFO : Start of finding missing values...
2020-05-26 01:48:33,703 : INFO : End of finding missing values...
2020-05-26 01:48:33,703 : INFO : Start of imputing missing values...
2020-05-26 01:48:33,712 : INFO : End of imputing missing values...
2020-05-26 01:48:33,712 : INFO : Start of splitting features and label ...
2020-05-26 01:48:33,713 : INFO : End of splitting features and label ...
2020-05-26 01:48:33,714 : INFO : End of Preprocessing...
2020-05-26 01:48:33,714 : INFO : Start of elbow plotting...
2020-05-26 01:48:35,295 : INFO : The optimum number of clusters is: 2
2020-05-26 01:48:35,295 : INFO : End of elbow plotting...
2020-05-26 01:48:35,295 : INFO : Start of Create clusters...
2020-05-26 01:48:35,348 : INFO : Start of Save Models
2020-05-26 01:48:35,348 : INFO : Start of Save Models
2020-05-26 01:48:35,351 : INFO : Model File KMeans saved
2020-05-26 01:48:35,351 : INFO : Model File KMeans saved
2020-05-26 01:48:35,351 : INFO : End of Save Models
2020-05-26 01:48:35,351 : INFO : End of Save Models
2020-05-26 01:48:35,352 : INFO : succesfully created 2clusters.
2020-05-26 01:48:35,352 : INFO : End of Create clusters...
2020-05-26 01:48:35,359 : INFO : Start of finding best model...
2020-05-26 01:48:35,359 : INFO : Start of finding best params for XGBoost algo...
2020-05-26 01:49:04,775 : INFO : XGBoost best params: {'learning_rate': 0.1, 'max_depth': 3, 'n_estimators': 200}
2020-05-26 01:49:04,775 : INFO : End of finding best params for XGBoost algo...
2020-05-26 01:49:04,782 : INFO : AUC for XGBoost:0.9716536312849162
2020-05-26 01:49:04,782 : INFO : Start of finding best params for randomforest algo...
2020-05-26 01:49:30,740 : INFO : Random Forest best params: {'criterion': 'gini', 'max_depth': 3, 'max_features': 'auto', 'n_estimators': 100}
2020-05-26 01:49:30,740 : INFO : End of finding best params for randomforest algo...
2020-05-26 01:49:30,761 : INFO : AUC for XGBoost:RandomForestClassifier(bootstrap=True, ccp_alpha=0.0, class_weight=None,
                       criterion='gini', max_depth=3, max_features='auto',
                       max_leaf_nodes=None, max_samples=None,
                       min_impurity_decrease=0.0, min_impurity_split=None,
                       min_samples_leaf=1, min_samples_split=2,
                       min_weight_fraction_leaf=0.0, n_estimators=100,
                       n_jobs=None, oob_score=False, random_state=None,
                       verbose=0, warm_start=False)
2020-05-26 01:49:30,761 : INFO : End of finding best model...
2020-05-26 01:49:30,761 : INFO : Start of Save Models
2020-05-26 01:49:30,761 : INFO : Start of Save Models
2020-05-26 01:49:30,768 : INFO : Model File RandomForest0 saved
2020-05-26 01:49:30,768 : INFO : Model File RandomForest0 saved
2020-05-26 01:49:30,768 : INFO : End of Save Models
2020-05-26 01:49:30,768 : INFO : End of Save Models
2020-05-26 01:49:30,772 : INFO : Start of finding best model...
2020-05-26 01:49:30,772 : INFO : Start of finding best params for XGBoost algo...
2020-05-26 01:50:01,611 : INFO : XGBoost best params: {'learning_rate': 0.1, 'max_depth': 10, 'n_estimators': 100}
2020-05-26 01:50:01,611 : INFO : End of finding best params for XGBoost algo...
2020-05-26 01:50:01,619 : INFO : AUC for XGBoost:0.9633760329700678
2020-05-26 01:50:01,619 : INFO : Start of finding best params for randomforest algo...
2020-05-26 01:50:27,561 : INFO : Random Forest best params: {'criterion': 'entropy', 'max_depth': 3, 'max_features': 'auto', 'n_estimators': 50}
2020-05-26 01:50:27,561 : INFO : End of finding best params for randomforest algo...
2020-05-26 01:50:27,571 : INFO : AUC for XGBoost:RandomForestClassifier(bootstrap=True, ccp_alpha=0.0, class_weight=None,
                       criterion='entropy', max_depth=3, max_features='auto',
                       max_leaf_nodes=None, max_samples=None,
                       min_impurity_decrease=0.0, min_impurity_split=None,
                       min_samples_leaf=1, min_samples_split=2,
                       min_weight_fraction_leaf=0.0, n_estimators=50,
                       n_jobs=None, oob_score=False, random_state=None,
                       verbose=0, warm_start=False)
2020-05-26 01:50:27,571 : INFO : End of finding best model...
2020-05-26 01:50:27,571 : INFO : Start of Save Models
2020-05-26 01:50:27,571 : INFO : Start of Save Models
2020-05-26 01:50:27,576 : INFO : Model File XGBoost1 saved
2020-05-26 01:50:27,576 : INFO : Model File XGBoost1 saved
2020-05-26 01:50:27,576 : INFO : End of Save Models
2020-05-26 01:50:27,576 : INFO : End of Save Models
2020-05-26 01:50:27,576 : INFO : End of Training
