2020-05-26 19:50:54,310 : INFO : Start of Training
2020-05-26 19:50:54,311 : INFO : Run_id:2020-05-26_195054_726457372
2020-05-26 19:50:54,311 : INFO : Start of Data Load, validation and transformation
2020-05-26 19:50:54,311 : INFO : Start of Archiving Old Rejected Files...
2020-05-26 19:50:54,311 : INFO : End of Archiving Old Rejected Files...
2020-05-26 19:50:54,312 : INFO : Start of Archiving Old Validated Files...
2020-05-26 19:50:54,312 : INFO : End of Archiving Old Validated Files...
2020-05-26 19:50:54,312 : INFO : Start of Archiving Old Processed Files...
2020-05-26 19:50:54,323 : INFO : End of Archiving Old Processed Files...
2020-05-26 19:50:54,324 : INFO : Start of Archiving Old Result Files...
2020-05-26 19:50:54,324 : INFO : End of Archiving Old Result Files...
2020-05-26 19:50:54,324 : INFO : Start of Reading values From Schema...
2020-05-26 19:50:54,325 : INFO : End of Reading values From Schema...
2020-05-26 19:50:54,325 : INFO : Start of Validating Column Length...
2020-05-26 19:50:54,338 : INFO : End of Validating Column Length...
2020-05-26 19:50:54,339 : INFO : Start of Validating Missing Values...
2020-05-26 19:50:54,345 : INFO : End of Validating Missing Values...
2020-05-26 19:50:54,345 : INFO : Start of Replacing Missing Values with NULL...
2020-05-26 19:50:54,358 : INFO : hr_employee_churn_data.csv: File Transformed successfully!!
2020-05-26 19:50:54,358 : INFO : End of Replacing Missing Values with NULL...
2020-05-26 19:50:54,358 : INFO : Start of Creating Table...
2020-05-26 19:50:54,359 : INFO : Opened training database successfully
2020-05-26 19:50:54,455 : INFO : CREATE TABLE training_raw_data_t column_name
2020-05-26 19:50:54,545 : INFO : ALTER TABLE training_raw_data_t ADD COLUMN
2020-05-26 19:50:54,671 : INFO : ALTER TABLE training_raw_data_t ADD COLUMN
2020-05-26 19:50:54,758 : INFO : ALTER TABLE training_raw_data_t ADD COLUMN
2020-05-26 19:50:54,820 : INFO : ALTER TABLE training_raw_data_t ADD COLUMN
2020-05-26 19:50:54,891 : INFO : ALTER TABLE training_raw_data_t ADD COLUMN
2020-05-26 19:50:54,981 : INFO : ALTER TABLE training_raw_data_t ADD COLUMN
2020-05-26 19:50:55,053 : INFO : ALTER TABLE training_raw_data_t ADD COLUMN
2020-05-26 19:50:55,173 : INFO : ALTER TABLE training_raw_data_t ADD COLUMN
2020-05-26 19:50:55,311 : INFO : ALTER TABLE training_raw_data_t ADD COLUMN
2020-05-26 19:50:55,311 : INFO : End of Creating Table...
2020-05-26 19:50:55,323 : INFO : Opened training database successfully
2020-05-26 19:50:55,324 : INFO : Start of Inserting Data into Table...
2020-05-26 19:51:35,419 : INFO : End of Inserting Data into Table...
2020-05-26 19:51:35,419 : INFO : Start of Exporting Data into CSV...
2020-05-26 19:51:35,432 : INFO : Opened training database successfully
2020-05-26 19:51:35,439 : INFO : End of Exporting Data into CSV...
2020-05-26 19:51:35,439 : INFO : Start of Moving Processed Files...
2020-05-26 19:51:35,441 : INFO : Moved the already processed file hr_employee_churn_data.csv
2020-05-26 19:51:35,441 : INFO : End of Moving Processed Files...
2020-05-26 19:51:35,441 : INFO : End of Data Load, validation and transformation
2020-05-26 19:51:35,441 : INFO : Start of Preprocessing...
2020-05-26 19:51:35,442 : INFO : Start of reading dataset...
2020-05-26 19:51:35,460 : INFO : End of reading dataset...
2020-05-26 19:51:35,460 : INFO : Start of Droping Columns...
2020-05-26 19:51:35,461 : INFO : End of Droping Columns...
2020-05-26 19:51:35,461 : INFO : Start of feature encoding...
2020-05-26 19:51:35,475 : INFO : End of feature encoding...
2020-05-26 19:51:35,476 : INFO : Start of Droping Columns...
2020-05-26 19:51:35,477 : INFO : End of Droping Columns...
2020-05-26 19:51:35,477 : INFO : Start of finding missing values...
2020-05-26 19:51:35,482 : INFO : End of finding missing values...
2020-05-26 19:51:35,483 : INFO : Start of imputing missing values...
2020-05-26 19:51:35,543 : INFO : End of imputing missing values...
2020-05-26 19:51:35,543 : INFO : Start of splitting features and label ...
2020-05-26 19:51:35,546 : INFO : End of splitting features and label ...
2020-05-26 19:51:35,547 : INFO : End of Preprocessing...
2020-05-26 19:51:35,548 : ERROR : Unsuccessful End of Training
Traceback (most recent call last):
  File "C:\Users\Admin\PycharmProjects\MLRealTimeProject_v1\apps\training\train_model.py", line 64, in training_model
    f.write(json.dump(columns))
TypeError: dump() missing 1 required positional argument: 'fp'
